<?xml version="1.0" encoding="UTF-8"?>
<testsuite xmlns:xsi="http://www.w3.org/2001/XMLSchema-instance" xsi:noNamespaceSchemaLocation="https://maven.apache.org/surefire/maven-surefire-plugin/xsd/surefire-test-report-3.0.xsd" version="3.0" name="com.fazpass.javatdv2.FazpassTest" time="1" tests="5" errors="0" skipped="0" failures="0">
  <properties>
    <property name="sun.desktop" value="windows"/>
    <property name="awt.toolkit" value="sun.awt.windows.WToolkit"/>
    <property name="java.specification.version" value="11"/>
    <property name="sun.cpu.isalist" value="amd64"/>
    <property name="sun.jnu.encoding" value="Cp1252"/>
    <property name="java.class.path" value="D:\Projects\Fazpass\V2\java-trusted-device-v2\target\test-classes;D:\Projects\Fazpass\V2\java-trusted-device-v2\target\classes;C:\Users\Andri\.m2\repository\junit\junit\3.8.1\junit-3.8.1.jar;C:\Users\Andri\.m2\repository\com\fasterxml\jackson\core\jackson-annotations\2.14.2\jackson-annotations-2.14.2.jar;C:\Users\Andri\.m2\repository\com\fasterxml\jackson\core\jackson-databind\2.14.2\jackson-databind-2.14.2.jar;C:\Users\Andri\.m2\repository\com\fasterxml\jackson\core\jackson-core\2.14.2\jackson-core-2.14.2.jar;C:\Users\Andri\.m2\repository\org\junit\jupiter\junit-jupiter-engine\5.8.0\junit-jupiter-engine-5.8.0.jar;C:\Users\Andri\.m2\repository\org\junit\platform\junit-platform-engine\1.8.0\junit-platform-engine-1.8.0.jar;C:\Users\Andri\.m2\repository\org\opentest4j\opentest4j\1.2.0\opentest4j-1.2.0.jar;C:\Users\Andri\.m2\repository\org\junit\platform\junit-platform-commons\1.8.0\junit-platform-commons-1.8.0.jar;C:\Users\Andri\.m2\repository\org\junit\jupiter\junit-jupiter-api\5.8.0\junit-jupiter-api-5.8.0.jar;C:\Users\Andri\.m2\repository\org\apiguardian\apiguardian-api\1.1.2\apiguardian-api-1.1.2.jar;C:\Users\Andri\.m2\repository\org\mockito\mockito-core\3.7.7\mockito-core-3.7.7.jar;C:\Users\Andri\.m2\repository\net\bytebuddy\byte-buddy\1.10.19\byte-buddy-1.10.19.jar;C:\Users\Andri\.m2\repository\net\bytebuddy\byte-buddy-agent\1.10.19\byte-buddy-agent-1.10.19.jar;C:\Users\Andri\.m2\repository\org\objenesis\objenesis\3.1\objenesis-3.1.jar;C:\Users\Andri\.m2\repository\org\bouncycastle\bcprov-jdk15on\1.50\bcprov-jdk15on-1.50.jar;C:\Users\Andri\.m2\repository\org\bouncycastle\bcpkix-jdk15on\1.50\bcpkix-jdk15on-1.50.jar;"/>
    <property name="java.vm.vendor" value="Oracle Corporation"/>
    <property name="sun.arch.data.model" value="64"/>
    <property name="user.variant" value=""/>
    <property name="java.vendor.url" value="https://openjdk.java.net/"/>
    <property name="user.timezone" value="Asia/Bangkok"/>
    <property name="java.vm.specification.version" value="11"/>
    <property name="os.name" value="Windows 10"/>
    <property name="sun.java.launcher" value="SUN_STANDARD"/>
    <property name="user.country" value="US"/>
    <property name="sun.boot.library.path" value="D:\Installed\jdk-11.0.15\bin"/>
    <property name="sun.java.command" value="C:\Users\Andri\AppData\Local\Temp\surefire295984742177973927\surefirebooter3394682078847332396.jar C:\Users\Andri\AppData\Local\Temp\surefire295984742177973927 2023-06-12T17-07-59_483-jvmRun1 surefire4997852401334796452tmp surefire_04435273272866551097tmp"/>
    <property name="jdk.debug" value="release"/>
    <property name="surefire.test.class.path" value="D:\Projects\Fazpass\V2\java-trusted-device-v2\target\test-classes;D:\Projects\Fazpass\V2\java-trusted-device-v2\target\classes;C:\Users\Andri\.m2\repository\junit\junit\3.8.1\junit-3.8.1.jar;C:\Users\Andri\.m2\repository\com\fasterxml\jackson\core\jackson-annotations\2.14.2\jackson-annotations-2.14.2.jar;C:\Users\Andri\.m2\repository\com\fasterxml\jackson\core\jackson-databind\2.14.2\jackson-databind-2.14.2.jar;C:\Users\Andri\.m2\repository\com\fasterxml\jackson\core\jackson-core\2.14.2\jackson-core-2.14.2.jar;C:\Users\Andri\.m2\repository\org\junit\jupiter\junit-jupiter-engine\5.8.0\junit-jupiter-engine-5.8.0.jar;C:\Users\Andri\.m2\repository\org\junit\platform\junit-platform-engine\1.8.0\junit-platform-engine-1.8.0.jar;C:\Users\Andri\.m2\repository\org\opentest4j\opentest4j\1.2.0\opentest4j-1.2.0.jar;C:\Users\Andri\.m2\repository\org\junit\platform\junit-platform-commons\1.8.0\junit-platform-commons-1.8.0.jar;C:\Users\Andri\.m2\repository\org\junit\jupiter\junit-jupiter-api\5.8.0\junit-jupiter-api-5.8.0.jar;C:\Users\Andri\.m2\repository\org\apiguardian\apiguardian-api\1.1.2\apiguardian-api-1.1.2.jar;C:\Users\Andri\.m2\repository\org\mockito\mockito-core\3.7.7\mockito-core-3.7.7.jar;C:\Users\Andri\.m2\repository\net\bytebuddy\byte-buddy\1.10.19\byte-buddy-1.10.19.jar;C:\Users\Andri\.m2\repository\net\bytebuddy\byte-buddy-agent\1.10.19\byte-buddy-agent-1.10.19.jar;C:\Users\Andri\.m2\repository\org\objenesis\objenesis\3.1\objenesis-3.1.jar;C:\Users\Andri\.m2\repository\org\bouncycastle\bcprov-jdk15on\1.50\bcprov-jdk15on-1.50.jar;C:\Users\Andri\.m2\repository\org\bouncycastle\bcpkix-jdk15on\1.50\bcpkix-jdk15on-1.50.jar;"/>
    <property name="sun.cpu.endian" value="little"/>
    <property name="user.home" value="C:\Users\Andri"/>
    <property name="user.language" value="en"/>
    <property name="java.specification.vendor" value="Oracle Corporation"/>
    <property name="java.version.date" value="2022-04-19"/>
    <property name="java.home" value="D:\Installed\jdk-11.0.15"/>
    <property name="file.separator" value="\"/>
    <property name="basedir" value="D:\Projects\Fazpass\V2\java-trusted-device-v2"/>
    <property name="java.vm.compressedOopsMode" value="Zero based"/>
    <property name="line.separator" value="&#10;"/>
    <property name="java.specification.name" value="Java Platform API Specification"/>
    <property name="java.vm.specification.vendor" value="Oracle Corporation"/>
    <property name="java.awt.graphicsenv" value="sun.awt.Win32GraphicsEnvironment"/>
    <property name="surefire.real.class.path" value="C:\Users\Andri\AppData\Local\Temp\surefire295984742177973927\surefirebooter3394682078847332396.jar"/>
    <property name="user.script" value=""/>
    <property name="sun.management.compiler" value="HotSpot 64-Bit Tiered Compilers"/>
    <property name="java.runtime.version" value="11.0.15+8-LTS-149"/>
    <property name="user.name" value="Andri"/>
    <property name="path.separator" value=";"/>
    <property name="os.version" value="10.0"/>
    <property name="java.runtime.name" value="Java(TM) SE Runtime Environment"/>
    <property name="file.encoding" value="Cp1252"/>
    <property name="java.vm.name" value="Java HotSpot(TM) 64-Bit Server VM"/>
    <property name="java.vendor.version" value="18.9"/>
    <property name="localRepository" value="C:\Users\Andri\.m2\repository"/>
    <property name="java.vendor.url.bug" value="https://bugreport.java.com/bugreport/"/>
    <property name="java.io.tmpdir" value="C:\Users\Andri\AppData\Local\Temp\"/>
    <property name="java.version" value="11.0.15"/>
    <property name="user.dir" value="D:\Projects\Fazpass\V2\java-trusted-device-v2"/>
    <property name="os.arch" value="amd64"/>
    <property name="java.vm.specification.name" value="Java Virtual Machine Specification"/>
    <property name="java.awt.printerjob" value="sun.awt.windows.WPrinterJob"/>
    <property name="sun.os.patch.level" value=""/>
    <property name="java.library.path" value="D:\Installed\jdk-11.0.15\bin;C:\WINDOWS\Sun\Java\bin;C:\WINDOWS\system32;C:\WINDOWS;C:\Program Files\Common Files\Oracle\Java\javapath;C:\Program Files\Eclipse Adoptium\jdk-17.0.7.7-hotspot\bin;C:\Program Files (x86)\Common Files\Oracle\Java\javapath;C:\WINDOWS\system32;C:\WINDOWS;C:\WINDOWS\System32\Wbem;C:\WINDOWS\System32\WindowsPowerShell\v1.0\;C:\WINDOWS\System32\OpenSSH\;D:\Installed\Python;C:\Users\Andri\AppData\Local\Coursier\data\bin;D:\Installed\flutter\bin;C:\Program Files\Docker\Docker\resources\bin;C:\Users\Andri\AppData\Roaming\npm;D:\Installed\Go\bin;%MAVEN_HOME%\bin;C:\Program Files (x86)\NVIDIA Corporation\PhysX\Common;C:\Program Files\Cloudflare\Cloudflare WARP\;C:\ProgramData\chocolatey\bin;D:\Installed\jdk1.8.0_231\bin;C:\Users\Andri\.jbang\bin;C:\Users\Andri\AppData\Local\Microsoft\WindowsApps;D:\Installed\nodejs;D:\Installed\Git\bin;D:\Installed\Python\Scripts;D:\Installed\yarn\bin;D:\Installed\gradle-7.6\bin;D:\Installed\flutter;C:\Users\Andri\AppData\Local\Programs\Microsoft VS Code\bin;D:\Installed\Python;D:\Installed\sdk\tools;D:\Installed\sdk\tools\bin;D:\Installed\sdk\platform-tools;D:\Installed\flutter\bin;C:\Users\Andri\AppData\Local\GitHubDesktop\bin;C:\Users\Andri\AppData\Local\Coursier\data\bin;D:\Installed\JetBrains\IntelliJ IDEA Community Edition 2022.1.3\bin;D:\Installed\Go\bin;C:\Users\Andri\go\bin;D:\Installed\apache-maven-3.9.0\bin;D:\Installed\jdk1.8.0_231\bin;;."/>
    <property name="java.vendor" value="Oracle Corporation"/>
    <property name="java.vm.info" value="mixed mode"/>
    <property name="java.vm.version" value="11.0.15+8-LTS-149"/>
    <property name="sun.io.unicode.encoding" value="UnicodeLittle"/>
    <property name="java.class.version" value="55.0"/>
  </properties>
  <testcase name="initializeShouldReturnTrustedDeviceWhenParametersAreValid" classname="com.fazpass.javatdv2.FazpassTest" time="0.953"/>
  <testcase name="initializeShouldThrowWhenPrivateKeyIsEmpty" classname="com.fazpass.javatdv2.FazpassTest" time="0.009"/>
  <testcase name="initializeShouldThrowWhenPrivateKeyIsNull" classname="com.fazpass.javatdv2.FazpassTest" time="0.001"/>
  <testcase name="initializeShouldThrowWhenBaseUrlIsEmpty" classname="com.fazpass.javatdv2.FazpassTest" time="0.001"/>
  <testcase name="initializeShouldThrowWhenBaseUrlIsNull" classname="com.fazpass.javatdv2.FazpassTest" time="0.001"/>
</testsuite>